Build started 6/3/2017 11:05:46 AM.
     1>Project "C:\Users\Donny\documents\visual studio 2010\Projects\ProjectPBO\ProjectPBO\ProjectPBO.vcxproj" on node 2 (build target(s)).
     1>InitializeBuildStatus:
         Creating "Debug\ProjectPBO.unsuccessfulbuild" because "AlwaysCreate" was specified.
       ClCompile:
         C:\Program Files (x86)\Microsoft Visual Studio 10.0\VC\bin\CL.exe /c /ZI /nologo /W3 /WX- /Od /Oy- /D WIN32 /D _DEBUG /D _CONSOLE /D _UNICODE /D UNICODE /Gm /EHsc /RTC1 /MDd /GS /fp:precise /Zc:wchar_t /Zc:forScope /Fo"Debug\\" /Fd"Debug\vc100.pdb" /Gd /TP /analyze- /errorReport:prompt FlappyRomario.cpp
         FlappyRomario.cpp
     1>c:\users\donny\documents\visual studio 2010\projects\projectpbo\projectpbo\flappyromario.cpp(5): warning C4244: 'argument' : conversion from 'time_t' to 'unsigned int', possible loss of data
     1>c:\users\donny\documents\visual studio 2010\projects\projectpbo\projectpbo\flappyromario.cpp(50): warning C4244: '=' : conversion from 'int' to 'float', possible loss of data
     1>c:\users\donny\documents\visual studio 2010\projects\projectpbo\projectpbo\flappyromario.cpp(51): warning C4244: '=' : conversion from 'int' to 'float', possible loss of data
     1>c:\users\donny\documents\visual studio 2010\projects\projectpbo\projectpbo\flappyromario.cpp(57): warning C4244: '=' : conversion from 'int' to 'float', possible loss of data
     1>c:\users\donny\documents\visual studio 2010\projects\projectpbo\projectpbo\flappyromario.cpp(58): warning C4244: '=' : conversion from 'int' to 'float', possible loss of data
     1>c:\users\donny\documents\visual studio 2010\projects\projectpbo\projectpbo\flappyromario.cpp(98): warning C4244: 'argument' : conversion from 'int' to 'float', possible loss of data
     1>c:\users\donny\documents\visual studio 2010\projects\projectpbo\projectpbo\flappyromario.cpp(98): warning C4244: 'argument' : conversion from 'int' to 'float', possible loss of data
     1>c:\users\donny\documents\visual studio 2010\projects\projectpbo\projectpbo\flappyromario.cpp(192): warning C4244: '=' : conversion from 'int' to 'float', possible loss of data
     1>c:\users\donny\documents\visual studio 2010\projects\projectpbo\projectpbo\flappyromario.cpp(194): warning C4244: '=' : conversion from 'int' to 'float', possible loss of data
     1>c:\users\donny\documents\visual studio 2010\projects\projectpbo\projectpbo\flappyromario.cpp(207): warning C4244: '=' : conversion from 'int' to 'float', possible loss of data
     1>c:\users\donny\documents\visual studio 2010\projects\projectpbo\projectpbo\flappyromario.cpp(209): warning C4244: '=' : conversion from 'int' to 'float', possible loss of data
       ManifestResourceCompile:
         All outputs are up-to-date.
       Link:
         C:\Program Files (x86)\Microsoft Visual Studio 10.0\VC\bin\link.exe /ERRORREPORT:PROMPT /OUT:"C:\Users\Donny\documents\visual studio 2010\Projects\ProjectPBO\Debug\ProjectPBO.exe" /INCREMENTAL /NOLOGO "sfml-system-d.lib" "sfml-graphics-d.lib" "sfml-window-d.lib" "sfml-audio-d.lib" "sfml-network-d.lib" kernel32.lib user32.lib gdi32.lib winspool.lib comdlg32.lib advapi32.lib shell32.lib ole32.lib oleaut32.lib uuid.lib odbc32.lib odbccp32.lib /MANIFEST /ManifestFile:"Debug\ProjectPBO.exe.intermediate.manifest" /MANIFESTUAC:"level='asInvoker' uiAccess='false'" /DEBUG /PDB:"C:\Users\Donny\documents\visual studio 2010\Projects\ProjectPBO\Debug\ProjectPBO.pdb" /SUBSYSTEM:CONSOLE /TLBID:1 /DYNAMICBASE /NXCOMPAT /IMPLIB:"C:\Users\Donny\documents\visual studio 2010\Projects\ProjectPBO\Debug\ProjectPBO.lib" /MACHINE:X86 Debug\ProjectPBO.exe.embed.manifest.res
         Debug\FlappyRomario.obj
       Manifest:
         C:\Program Files (x86)\Microsoft SDKs\Windows\v7.0A\bin\mt.exe /nologo /verbose /out:"Debug\ProjectPBO.exe.embed.manifest" /manifest Debug\ProjectPBO.exe.intermediate.manifest
         All outputs are up-to-date.
       LinkEmbedManifest:
         All outputs are up-to-date.
         ProjectPBO.vcxproj -> C:\Users\Donny\documents\visual studio 2010\Projects\ProjectPBO\Debug\ProjectPBO.exe
       FinalizeBuildStatus:
         Deleting file "Debug\ProjectPBO.unsuccessfulbuild".
         Touching "Debug\ProjectPBO.lastbuildstate".
     1>Done Building Project "C:\Users\Donny\documents\visual studio 2010\Projects\ProjectPBO\ProjectPBO\ProjectPBO.vcxproj" (build target(s)).

Build succeeded.

Time Elapsed 00:00:02.00
